[1A7B2C3D4E5F6A7B8C9D0E1F2A3B4C5D]
arquivot.bin:size=1234,hash=10FEDCBA98765432FEDCBA9876543210
arquivoa.txt:size=7328,hash=1A7B2C3D4E5F6A7B8C9D0E1F2A3B4C5D
arquivop.txt:size=8765,hash=3210FEDCBA987654567890ABCDEF1234
[F0E1D2C3B4A5968778695A4B3C2D1E0F]
arquivoc.log:size=1024,hash=F0E1D2C3B4A5968778695A4B3C2D1E0F
archivov.dat:size=7890,hash=FEDCBA98765432101234567890ABCDEF
arquivom.log:size=2345,hash=FEDCBA9876543210EF0123456789ABCD
datafilen.txt:size=1234,hash=FF001122334455668811223344556677
[11111111111111111111111111111111]
novoadicionado.txt:size=5000,hash=11111111111111111111111111111111
archivoz.dat:size=8765,hash=1122334455667788AABBCCDDEEFF0011
arquivoh.log:size=9876,hash=1234567890ABCDEF1234567890ABCDEF
[99999999999999999999999999999999]
-
[55AAFF0011EE22DD33CC44BB55AAFF00]
arquivof.txt:size=1234,hash=55AAFF0011EE22DD33CC44BB55AAFF00
arquivoq.dat:size=4321,hash=876543210FEDCBA990ABCDEF12345678
[AABBCCDDEEFF00112233445566778899]
arquivog.dat:size=6789,hash=AABBCCDDEEFF00112233445566778899
datafilei.txt:size=1234,hash=AABBCCDDEEFF001133CCDEEFF001122
[22222222222222222222222222222222]
arquivor.log:size=9876,hash=210FEDCBA9876543ABCDEF1234567890
outroarquivo.log:size=3333,hash=22222222222222222222222222222222
datafilea.bin:size=4321,hash=2233445566778899BBCCDDEEFF0011AA
[33333333333333333333333333333333]
maisum.dat:size=7777,hash=33333333333333333333333333333333
datafileb.log:size=9876,hash=33445566778899AACCddeeff0011bb
datafilec.tmp:size=5678,hash=445566778899AABBDDEEFF0011AA
[1234567890ABCDEF1234567890ABCDEF]
novoadicionado.txt:size=5000,hash=11111111111111111111111111111111
archivoz.dat:size=8765,hash=1122334455667788AABBCCDDEEFF0011
arquivoh.log:size=9876,hash=1234567890ABCDEF1234567890ABCDEF
[00000000000000000000000000000000]
-
[44444444444444444444444444444444]
maisum.dat:size=7777,hash=33333333333333333333333333333333
datafileb.log:size=9876,hash=33445566778899AACCddeeff0011bb
teste.tmp:size=100,hash=44444444444444444444444444444444
datafilec.tmp:size=5678,hash=445566778899AABBDDEEFF0011AA
[CDE1FAB2345678900987654321FEDCBA]
datafilek.bin:size=4321,hash=CCDDEEFF0011223355EEFF0011223344
arquivoi.tmp:size=5432,hash=CDE1FAB2345678900987654321FEDCBA
datafilel.log:size=9876,hash=DDEEFF001122334466FF001122334455
datafilem.tmp:size=5678,hash=EEFF0011223344557700112233445566
[55555555555555555555555555555555]
archivox.bin:size=6789,hash=543210FEDCBA98761234567890ABCDEF
final.bin:size=9999,hash=55555555555555555555555555555555
datafiled.txt:size=1234,hash=5566778899AABBCCEEFF0011AA
[EF0123456789ABCDDCBA9876543210FE]
archivou.txt:size=3456,hash=ABCDEF01234567899876543210FEDCBA
arquivoo.bin:size=1234,hash=CBA9876543210FEDEF1234567890ABCD
arquivok.txt:size=3456,hash=EF0123456789ABCDDCBA9876543210FE
[FEDCBA9876543210EF0123456789ABCD]
arquivoc.log:size=1024,hash=F0E1D2C3B4A5968778695A4B3C2D1E0F
archivov.dat:size=7890,hash=FEDCBA98765432101234567890ABCDEF
arquivom.log:size=2345,hash=FEDCBA9876543210EF0123456789ABCD
datafilen.txt:size=1234,hash=FF001122334455668811223344556677
[10FEDCBA987654320123456789ABCDEF]
archivow.log:size=2345,hash=0987654321FEDCBAABCDEF0123456789
arquivoe.bin:size=4096,hash=0F1E2D3C4B5A69788796A5B4C3D2E1F0
arquivon.tmp:size=6789,hash=10FEDCBA987654320123456789ABCDEF
[66666666666666666666666666666666]
extrafile.txt:size=256,hash=66666666666666666666666666666666
datafilee.dat:size=3456,hash=66778899AABBCCDDF
arquivol.dat:size=7890,hash=67890ABCDEF12345543210FEDCBA987
[3210FEDCBA987654567890ABCDEF1234]
arquivot.bin:size=1234,hash=10FEDCBA98765432FEDCBA9876543210
arquivoa.txt:size=7328,hash=1A7B2C3D4E5F6A7B8C9D0E1F2A3B4C5D
arquivop.txt:size=8765,hash=3210FEDCBA987654567890ABCDEF1234
[876543210FEDCBA990ABCDEF12345678]
arquivof.txt:size=1234,hash=55AAFF0011EE22DD33CC44BB55AAFF00
arquivos.tmp:size=5678,hash=76543210FEDCBA98DEF1234567890ABC
arquivoq.dat:size=4321,hash=876543210FEDCBA990ABCDEF12345678
[210FEDCBA9876543ABCDEF1234567890]
arquivor.log:size=9876,hash=210FEDCBA9876543ABCDEF1234567890
outroarquivo.log:size=3333,hash=22222222222222222222222222222222
datafilea.bin:size=4321,hash=2233445566778899BBCCDDEEFF0011AA
[77777777777777777777777777777777]
anotherone.dat:size=128,hash=77777777777777777777777777777777
datafilef.bin:size=7890,hash=778899AABBCCDDEE0011AA
[10FEDCBA98765432FEDCBA9876543210]
arquivot.bin:size=1234,hash=10FEDCBA98765432FEDCBA9876543210
arquivoa.txt:size=7328,hash=1A7B2C3D4E5F6A7B8C9D0E1F2A3B4C5D
arquivop.txt:size=8765,hash=3210FEDCBA987654567890ABCDEF1234
[ABCDEF01234567899876543210FEDCBA]
archivou.txt:size=3456,hash=ABCDEF01234567899876543210FEDCBA
arquivoo.bin:size=1234,hash=CBA9876543210FEDEF1234567890ABCD
arquivok.txt:size=3456,hash=EF0123456789ABCDDCBA9876543210FE
[FEDCBA98765432101234567890ABCDEF]
arquivoc.log:size=1024,hash=F0E1D2C3B4A5968778695A4B3C2D1E0F
archivov.dat:size=7890,hash=FEDCBA98765432101234567890ABCDEF
arquivom.log:size=2345,hash=FEDCBA9876543210EF0123456789ABCD
datafilen.txt:size=1234,hash=FF001122334455668811223344556677
[88888888888888888888888888888888]
lastinsert.log:size=1024,hash=88888888888888888888888888888888
datafileg.log:size=2345,hash=8899AABBCCDDEEFF11AA
arquivod.tmp:size=2048,hash=9876543210FEDCBAABCDEF0123456789
datafileh.tmp:size=6789,hash=99AABBCCDDEEFF0022BB
[CBA9876543210FED0987654321FEDCBA]
datafilej.dat:size=8765,hash=BBCCDDEEFF00112244DDEEFF00112233
archivoy.txt:size=1234,hash=CBA9876543210FED0987654321FEDCBA
[1122334455667788AABBCCDDEEFF0011]
novoadicionado.txt:size=5000,hash=11111111111111111111111111111111
archivoz.dat:size=8765,hash=1122334455667788AABBCCDDEEFF0011
arquivoh.log:size=9876,hash=1234567890ABCDEF1234567890ABCDEF
[2233445566778899BBCCDDEEFF0011AA]
arquivor.log:size=9876,hash=210FEDCBA9876543ABCDEF1234567890
outroarquivo.log:size=3333,hash=22222222222222222222222222222222
datafilea.bin:size=4321,hash=2233445566778899BBCCDDEEFF0011AA
[33445566778899AACCddeeff0011bb]
maisum.dat:size=7777,hash=33333333333333333333333333333333
datafileb.log:size=9876,hash=33445566778899AACCddeeff0011bb
teste.tmp:size=100,hash=44444444444444444444444444444444
datafilec.tmp:size=5678,hash=445566778899AABBDDEEFF0011AA
[445566778899AABBDDEEFF0011AA]
maisum.dat:size=7777,hash=33333333333333333333333333333333
datafileb.log:size=9876,hash=33445566778899AACCddeeff0011bb
teste.tmp:size=100,hash=44444444444444444444444444444444
datafilec.tmp:size=5678,hash=445566778899AABBDDEEFF0011AA
[5566778899AABBCCEEFF0011AA]
archivox.bin:size=6789,hash=543210FEDCBA98761234567890ABCDEF
final.bin:size=9999,hash=55555555555555555555555555555555
datafiled.txt:size=1234,hash=5566778899AABBCCEEFF0011AA
[FFFFFFFFFFFFFFFFFFFFFFFFFFFFFFFF]
datafilen.txt:size=1234,hash=FF001122334455668811223344556677
a.txt:size=1,hash=FFFFFFFFFFFFFFFFFFFFFFFFFFFFFFFF
[EEEEEEEEEEEEEEEEEEEEEEEEEEEEEEEE]
b.txt:size=2,hash=EEEEEEEEEEEEEEEEEEEEEEEEEEEEEEEE
datafilem.tmp:size=5678,hash=EEFF0011223344557700112233445566
[DDDDDDDDDDDDDDDDDDDDDDDDDDDDDDDD]
datafilek.bin:size=4321,hash=CCDDEEFF0011223355EEFF0011223344
arquivoi.tmp:size=5432,hash=CDE1FAB2345678900987654321FEDCBA
c.txt:size=3,hash=DDDDDDDDDDDDDDDDDDDDDDDDDDDDDDDD
[CCCCCCCCCCCCCCCCCCCCCCCCCCCCCCCC]
-
[66778899AABBCCDDF]
extrafile.txt:size=256,hash=66666666666666666666666666666666
datafilee.dat:size=3456,hash=66778899AABBCCDDF
arquivol.dat:size=7890,hash=67890ABCDEF12345543210FEDCBA987
[778899AABBCCDDEE0011AA]
anotherone.dat:size=128,hash=77777777777777777777777777777777
datafilef.bin:size=7890,hash=778899AABBCCDDEE0011AA
[8899AABBCCDDEEFF11AA]
lastinsert.log:size=1024,hash=88888888888888888888888888888888
datafileg.log:size=2345,hash=8899AABBCCDDEEFF11AA
arquivod.tmp:size=2048,hash=9876543210FEDCBAABCDEF0123456789
datafileh.tmp:size=6789,hash=99AABBCCDDEEFF0022BB
[99AABBCCDDEEFF0022BB]
lastinsert.log:size=1024,hash=88888888888888888888888888888888
datafileg.log:size=2345,hash=8899AABBCCDDEEFF11AA
arquivod.tmp:size=2048,hash=9876543210FEDCBAABCDEF0123456789
datafileh.tmp:size=6789,hash=99AABBCCDDEEFF0022BB
[AABBCCDDEEFF001133CCDEEFF001122]
arquivog.dat:size=6789,hash=AABBCCDDEEFF00112233445566778899
datafilei.txt:size=1234,hash=AABBCCDDEEFF001133CCDEEFF001122
[BBCCDDEEFF00112244DDEEFF00112233]
datafilej.dat:size=8765,hash=BBCCDDEEFF00112244DDEEFF00112233
archivoy.txt:size=1234,hash=CBA9876543210FED0987654321FEDCBA
[CCDDEEFF0011223355EEFF0011223344]
d.dat:size=4,hash=CCCCCCCCCCCCCCCCCCCCCCCCCCCCCCCC
datafilek.bin:size=4321,hash=CCDDEEFF0011223355EEFF0011223344
arquivoi.tmp:size=5432,hash=CDE1FAB2345678900987654321FEDCBA
c.txt:size=3,hash=DDDDDDDDDDDDDDDDDDDDDDDDDDDDDDDD
[DDEEFF001122334466FF001122334455]
archivou.txt:size=3456,hash=ABCDEF01234567899876543210FEDCBA
arquivoo.bin:size=1234,hash=CBA9876543210FEDEF1234567890ABCD
datafilel.log:size=9876,hash=DDEEFF001122334466FF001122334455
[EEFF0011223344557700112233445566]
b.txt:size=2,hash=EEEEEEEEEEEEEEEEEEEEEEEEEEEEEEEE
datafilem.tmp:size=5678,hash=EEFF0011223344557700112233445566
[FF001122334455668811223344556677]
datafilen.txt:size=1234,hash=FF001122334455668811223344556677
a.txt:size=1,hash=FFFFFFFFFFFFFFFFFFFFFFFFFFFFFFFF
[1A7B2C3D4E5F6A7B8C9D0E1F2A3B4C5D]
arquivot.bin:size=1234,hash=10FEDCBA98765432FEDCBA9876543210
arquivoa.txt:size=7328,hash=1A7B2C3D4E5F6A7B8C9D0E1F2A3B4C5D
arquivop.txt:size=8765,hash=3210FEDCBA987654567890ABCDEF1234
