[FAILURE]SHOW=Mekuvote_Etuqudo
[FAILURE]SHOW=Hyxe_Betonybot_Gopufefak_Qowu
[SUCCESS]ADD=Gomonijuj_Tan_Tujele_Wuvaga
[SUCCESS]ADD=Qehekyja_Fimyjiluh_Ycobajeko
[FAILURE]SHOW=Qiwyjo_Niqim
[FAILURE]SHOW=Pigi_Aqoz
[FAILURE]REMOVE=Osecu_Newimyqoq_Boqevero_Xypol
[SUCCESS]ADD=Ujefiho_Jaw_Tep_Rifesyqaby
[FAILURE]SHOW=Awepop_Lim_Texahozopy
[FAILURE]SHOW=Pofyreby_Bugiz_Kek_Qofywo
[SUCCESS]ADD=Ric_Gosepoh
[SUCCESS]ADD=Batir_Upynyhuj
[FAILURE]SHOW=Tagulure_Nuc_Fawycihud_Oqyb
[SUCCESS]ADD=Erisyb_Cehe
[FAILURE]REMOVE=Jeximuf_Wip_Huqemi_Bihaw
[FAILURE]SHOW=Ocuwutas_Taxipef_Zujadec
[FAILURE]REMOVE=Luwanipe_Giwoqu_Uminu
[FAILURE]SHOW=Zoj_Kyge_Cynyk_Qevipoh
[SUCCESS]ADD=Ypemyg_Viwyny_Pemaweg_Bemexowi
[FAILURE]SHOW=Olew_Fek_Gatoqy
[FAILURE]REMOVE=Belonor_Bikuq
[FAILURE]REMOVE=Cuvuc_Bivi
[FAILURE]SHOW=Asuqahozo_Jepele_Fusoq
[FAILURE]SHOW=Afihobaku_Ykufuc_Risaza_Ykuzu
[FAILURE]REMOVE=Rar_Hexicobik
[FAILURE]SHOW=Kary_Qyc_Becury_Cofabivoxa
[FAILURE]SHOW=Jozypimi_Hamufejese
[SUCCESS]ADD=Qeqoruqi_Jowi_Vuvew
[SUCCESS]ADD=Lywar_Ymyla_Atugapizu
[FAILURE]REMOVE=Vaw_Asejyguqi
[SUCCESS]ADD=Yqafat_Luneqiboc_Ukuniq
[FAILURE]SHOW=Asovewup_Qydorisym_Xyhyhoqa_Ticaw
[FAILURE]REMOVE=Yzafaj_Tubud
[FAILURE]ADD=Batir_Upynyhuj
[FAILURE]SHOW=Lyfi_Viqy
[FAILURE]SHOW=Cyqebojog_Naxycaxo_Ega_Lyxu
[SUCCESS]ADD=Hynypyxa_Gatetipyz
[FAILURE]SHOW=Come_Gatagit_Zarila
[SUCCESS]ADD=Ywefad_Higidediq_Wuna_Jafaz
[SUCCESS]ADD=Jibi_Cimig
[FAILURE]SHOW=Zal_Zyjo
[SUCCESS]ADD=Kez_Nysos
[FAILURE]REMOVE=Nubuqa_Lenuvap
[FAILURE]SHOW=Wewyted_Eruwokolez
[FAILURE]REMOVE=Osuvoda_Fijepaxy_Tujobyl
[FAILURE]SHOW=Pycip_Ivyhym_Gobumy_Wyvegis
[FAILURE]REMOVE=Wymym_Hativyco_Camenut_Wabikozuso
[FAILURE]REMOVE=Ida_Qulohy_Delode_Pedepij
[FAILURE]SHOW=Taduqyl_Somyly
[SUCCESS]ADD=Pogofe_Okehum_Ume_Live
[FAILURE]SHOW=Muxicacyn_Agyf_Fijo
