[00000000000000000000000000000005]
file3:size=30,hash=00000000000000000000000000000005
file4:size=40,hash=00000000000000000000000000000007
[00000000000000000000000000000003,0000000000000000000000000000000B]
file1:size=10,hash=00000000000000000000000000000001
file2:size=20,hash=00000000000000000000000000000003
file3:size=30,hash=00000000000000000000000000000005
file4:size=40,hash=00000000000000000000000000000007
file5:size=50,hash=00000000000000000000000000000009
file6:size=60,hash=0000000000000000000000000000000B
[00000000000000000000000000000000,0000000000000000000000000000000F]
file10:size=100,hash=00000000000000000000000000000000
file1:size=10,hash=00000000000000000000000000000001
file2:size=20,hash=00000000000000000000000000000003
file3:size=30,hash=00000000000000000000000000000005
file4:size=40,hash=00000000000000000000000000000007
file5:size=50,hash=00000000000000000000000000000009
file6:size=60,hash=0000000000000000000000000000000B
file7:size=70,hash=0000000000000000000000000000000D
file8:size=80,hash=0000000000000000000000000000000F
file9:size=90,hash=00000000000000000000000000000011
[00000000000000000000000000000013]
-
[00000000000000000000000000000001,00000000000000000000000000000007]
file10:size=100,hash=00000000000000000000000000000000
file1:size=10,hash=00000000000000000000000000000001
file11:size=110,hash=00000000000000000000000000000002
file2:size=20,hash=00000000000000000000000000000003
file3:size=30,hash=00000000000000000000000000000005
file4:size=40,hash=00000000000000000000000000000007
[00000000000000000000000000000005]
-
